<?xml version="1.0" encoding="UTF-8"?>
<testng-results ignored="0" total="8" passed="7" failed="1" skipped="0">
  <reporter-output>
  </reporter-output>
  <suite started-at="2023-06-06T02:42:14 EDT" name="TvoLearn" finished-at="2023-06-06T02:42:52 EDT" duration-ms="38412">
    <groups>
    </groups>
    <test started-at="2023-06-06T02:42:14 EDT" name="SubjectTestModuleOnChrome" finished-at="2023-06-06T02:42:52 EDT" duration-ms="38412">
      <class name="tvo.tvoLearn.SubjectPageTest">
        <test-method is-config="true" signature="initializeDriver()[pri:0, instance:tvo.tvoLearn.SubjectPageTest@3f6b0be5]" started-at="2023-06-06T02:42:30 EDT" name="initializeDriver" finished-at="2023-06-06T02:42:33 EDT" duration-ms="3058" status="PASS">
          <reporter-output>
          </reporter-output>
        </test-method> <!-- initializeDriver -->
        <test-method signature="doSubscribeWithCorrectEmailFormat()[pri:0, instance:tvo.tvoLearn.SubjectPageTest@3f6b0be5]" started-at="2023-06-06T02:42:33 EDT" name="doSubscribeWithCorrectEmailFormat" finished-at="2023-06-06T02:42:35 EDT" duration-ms="2356" status="PASS">
          <reporter-output>
          </reporter-output>
        </test-method> <!-- doSubscribeWithCorrectEmailFormat -->
        <test-method is-config="true" signature="teardown()[pri:0, instance:tvo.tvoLearn.SubjectPageTest@3f6b0be5]" started-at="2023-06-06T02:42:35 EDT" name="teardown" finished-at="2023-06-06T02:42:35 EDT" duration-ms="158" status="PASS">
          <reporter-output>
          </reporter-output>
        </test-method> <!-- teardown -->
        <test-method is-config="true" signature="initializeDriver()[pri:0, instance:tvo.tvoLearn.SubjectPageTest@3f6b0be5]" started-at="2023-06-06T02:42:35 EDT" name="initializeDriver" finished-at="2023-06-06T02:42:38 EDT" duration-ms="3021" status="PASS">
          <reporter-output>
          </reporter-output>
        </test-method> <!-- initializeDriver -->
        <test-method signature="doSubscribeWithInvalidEmailFormat()[pri:0, instance:tvo.tvoLearn.SubjectPageTest@3f6b0be5]" started-at="2023-06-06T02:42:38 EDT" name="doSubscribeWithInvalidEmailFormat" finished-at="2023-06-06T02:42:40 EDT" duration-ms="1701" status="PASS">
          <reporter-output>
          </reporter-output>
        </test-method> <!-- doSubscribeWithInvalidEmailFormat -->
        <test-method is-config="true" signature="teardown()[pri:0, instance:tvo.tvoLearn.SubjectPageTest@3f6b0be5]" started-at="2023-06-06T02:42:40 EDT" name="teardown" finished-at="2023-06-06T02:42:40 EDT" duration-ms="172" status="PASS">
          <reporter-output>
          </reporter-output>
        </test-method> <!-- teardown -->
        <test-method is-config="true" signature="initializeDriver()[pri:0, instance:tvo.tvoLearn.SubjectPageTest@3f6b0be5]" started-at="2023-06-06T02:42:40 EDT" name="initializeDriver" finished-at="2023-06-06T02:42:43 EDT" duration-ms="3311" status="PASS">
          <reporter-output>
          </reporter-output>
        </test-method> <!-- initializeDriver -->
        <test-method signature="resourcesForLearningLinksAreWorking()[pri:0, instance:tvo.tvoLearn.SubjectPageTest@3f6b0be5]" started-at="2023-06-06T02:42:43 EDT" name="resourcesForLearningLinksAreWorking" finished-at="2023-06-06T02:42:46 EDT" duration-ms="2758" status="FAIL">
          <exception class="java.lang.AssertionError">
            <message>
              <![CDATA[expected [true] but found [false]]]>
            </message>
            <full-stacktrace>
              <![CDATA[java.lang.AssertionError: expected [true] but found [false]
at org.testng.Assert.fail(Assert.java:111)
at org.testng.Assert.failNotEquals(Assert.java:1578)
at org.testng.Assert.assertTrue(Assert.java:57)
at org.testng.Assert.assertTrue(Assert.java:67)
at tvo.tvoLearn.SubjectPageTest.resourcesForLearningLinksAreWorking(SubjectPageTest.java:74)
at java.base/jdk.internal.reflect.DirectMethodHandleAccessor.invoke(DirectMethodHandleAccessor.java:104)
at java.base/java.lang.reflect.Method.invoke(Method.java:577)
at org.testng.internal.invokers.MethodInvocationHelper.invokeMethod(MethodInvocationHelper.java:139)
at org.testng.internal.invokers.TestInvoker.invokeMethod(TestInvoker.java:664)
at org.testng.internal.invokers.TestInvoker.invokeTestMethod(TestInvoker.java:227)
at org.testng.internal.invokers.MethodRunner.runInSequence(MethodRunner.java:50)
at org.testng.internal.invokers.TestInvoker$MethodInvocationAgent.invoke(TestInvoker.java:957)
at org.testng.internal.invokers.TestInvoker.invokeTestMethods(TestInvoker.java:200)
at org.testng.internal.invokers.TestMethodWorker.invokeTestMethods(TestMethodWorker.java:148)
at org.testng.internal.invokers.TestMethodWorker.run(TestMethodWorker.java:128)
at java.base/java.util.ArrayList.forEach(ArrayList.java:1511)
at org.testng.TestRunner.privateRun(TestRunner.java:848)
at org.testng.TestRunner.run(TestRunner.java:621)
at org.testng.SuiteRunner.runTest(SuiteRunner.java:443)
at org.testng.SuiteRunner$SuiteWorker.run(SuiteRunner.java:481)
at org.testng.internal.thread.ThreadUtil.lambda$execute$0(ThreadUtil.java:58)
at java.base/java.util.concurrent.FutureTask.run(FutureTask.java:264)
at java.base/java.util.concurrent.ThreadPoolExecutor.runWorker(ThreadPoolExecutor.java:1136)
at java.base/java.util.concurrent.ThreadPoolExecutor$Worker.run(ThreadPoolExecutor.java:635)
at java.base/java.lang.Thread.run(Thread.java:833)
]]>
            </full-stacktrace>
          </exception> <!-- java.lang.AssertionError -->
          <reporter-output>
          </reporter-output>
        </test-method> <!-- resourcesForLearningLinksAreWorking -->
        <test-method is-config="true" signature="teardown()[pri:0, instance:tvo.tvoLearn.SubjectPageTest@3f6b0be5]" started-at="2023-06-06T02:42:47 EDT" name="teardown" finished-at="2023-06-06T02:42:47 EDT" duration-ms="161" status="PASS">
          <reporter-output>
          </reporter-output>
        </test-method> <!-- teardown -->
        <test-method is-config="true" signature="initializeDriver()[pri:0, instance:tvo.tvoLearn.SubjectPageTest@3f6b0be5]" started-at="2023-06-06T02:42:47 EDT" name="initializeDriver" finished-at="2023-06-06T02:42:50 EDT" duration-ms="3687" status="PASS">
          <reporter-output>
          </reporter-output>
        </test-method> <!-- initializeDriver -->
        <test-method signature="subjectTitleIsMathematics()[pri:0, instance:tvo.tvoLearn.SubjectPageTest@3f6b0be5]" started-at="2023-06-06T02:42:50 EDT" name="subjectTitleIsMathematics" finished-at="2023-06-06T02:42:52 EDT" duration-ms="1455" status="PASS">
          <reporter-output>
          </reporter-output>
        </test-method> <!-- subjectTitleIsMathematics -->
        <test-method is-config="true" signature="teardown()[pri:0, instance:tvo.tvoLearn.SubjectPageTest@3f6b0be5]" started-at="2023-06-06T02:42:52 EDT" name="teardown" finished-at="2023-06-06T02:42:52 EDT" duration-ms="158" status="PASS">
          <reporter-output>
          </reporter-output>
        </test-method> <!-- teardown -->
      </class> <!-- tvo.tvoLearn.SubjectPageTest -->
      <class name="tvo.tvoLearn.ElementaryGradeHomePageTest">
        <test-method is-config="true" signature="initializeDriver()[pri:0, instance:tvo.tvoLearn.ElementaryGradeHomePageTest@3b6ddd1d]" started-at="2023-06-06T02:42:25 EDT" name="initializeDriver" finished-at="2023-06-06T02:42:29 EDT" duration-ms="3521" status="PASS">
          <reporter-output>
          </reporter-output>
        </test-method> <!-- initializeDriver -->
        <test-method signature="titleIncludesWordGrade()[pri:0, instance:tvo.tvoLearn.ElementaryGradeHomePageTest@3b6ddd1d]" started-at="2023-06-06T02:42:29 EDT" name="titleIncludesWordGrade" finished-at="2023-06-06T02:42:30 EDT" duration-ms="759" status="PASS">
          <reporter-output>
          </reporter-output>
        </test-method> <!-- titleIncludesWordGrade -->
        <test-method is-config="true" signature="teardown()[pri:0, instance:tvo.tvoLearn.ElementaryGradeHomePageTest@3b6ddd1d]" started-at="2023-06-06T02:42:30 EDT" name="teardown" finished-at="2023-06-06T02:42:30 EDT" duration-ms="154" status="PASS">
          <reporter-output>
          </reporter-output>
        </test-method> <!-- teardown -->
      </class> <!-- tvo.tvoLearn.ElementaryGradeHomePageTest -->
      <class name="tvo.tvoLearn.HomePageTest">
        <test-method is-config="true" signature="initializeDriver()[pri:0, instance:tvo.tvoLearn.HomePageTest@63a12c68]" started-at="2023-06-06T02:42:14 EDT" name="initializeDriver" finished-at="2023-06-06T02:42:17 EDT" duration-ms="3752" status="PASS">
          <reporter-output>
          </reporter-output>
        </test-method> <!-- initializeDriver -->
        <test-method signature="elementaryHasNineGradeSection()[pri:0, instance:tvo.tvoLearn.HomePageTest@63a12c68]" started-at="2023-06-06T02:42:17 EDT" name="elementaryHasNineGradeSection" finished-at="2023-06-06T02:42:18 EDT" duration-ms="306" status="PASS">
          <reporter-output>
          </reporter-output>
        </test-method> <!-- elementaryHasNineGradeSection -->
        <test-method is-config="true" signature="teardown()[pri:0, instance:tvo.tvoLearn.HomePageTest@63a12c68]" started-at="2023-06-06T02:42:18 EDT" name="teardown" finished-at="2023-06-06T02:42:18 EDT" duration-ms="109" status="PASS">
          <reporter-output>
          </reporter-output>
        </test-method> <!-- teardown -->
        <test-method is-config="true" signature="initializeDriver()[pri:0, instance:tvo.tvoLearn.HomePageTest@63a12c68]" started-at="2023-06-06T02:42:18 EDT" name="initializeDriver" finished-at="2023-06-06T02:42:22 EDT" duration-ms="3670" status="PASS">
          <reporter-output>
          </reporter-output>
        </test-method> <!-- initializeDriver -->
        <test-method signature="navBarHasElementarySection()[pri:0, instance:tvo.tvoLearn.HomePageTest@63a12c68]" started-at="2023-06-06T02:42:22 EDT" name="navBarHasElementarySection" finished-at="2023-06-06T02:42:22 EDT" duration-ms="90" status="PASS">
          <reporter-output>
          </reporter-output>
        </test-method> <!-- navBarHasElementarySection -->
        <test-method is-config="true" signature="teardown()[pri:0, instance:tvo.tvoLearn.HomePageTest@63a12c68]" started-at="2023-06-06T02:42:22 EDT" name="teardown" finished-at="2023-06-06T02:42:22 EDT" duration-ms="130" status="PASS">
          <reporter-output>
          </reporter-output>
        </test-method> <!-- teardown -->
        <test-method is-config="true" signature="initializeDriver()[pri:0, instance:tvo.tvoLearn.HomePageTest@63a12c68]" started-at="2023-06-06T02:42:22 EDT" name="initializeDriver" finished-at="2023-06-06T02:42:25 EDT" duration-ms="3234" status="PASS">
          <reporter-output>
          </reporter-output>
        </test-method> <!-- initializeDriver -->
        <test-method signature="titleLogoDisplayed()[pri:0, instance:tvo.tvoLearn.HomePageTest@63a12c68]" started-at="2023-06-06T02:42:25 EDT" name="titleLogoDisplayed" finished-at="2023-06-06T02:42:25 EDT" duration-ms="41" status="PASS">
          <reporter-output>
          </reporter-output>
        </test-method> <!-- titleLogoDisplayed -->
        <test-method is-config="true" signature="teardown()[pri:0, instance:tvo.tvoLearn.HomePageTest@63a12c68]" started-at="2023-06-06T02:42:25 EDT" name="teardown" finished-at="2023-06-06T02:42:25 EDT" duration-ms="182" status="PASS">
          <reporter-output>
          </reporter-output>
        </test-method> <!-- teardown -->
      </class> <!-- tvo.tvoLearn.HomePageTest -->
    </test> <!-- SubjectTestModuleOnChrome -->
  </suite> <!-- TvoLearn -->
</testng-results>
