<?xml version="1.0" encoding="UTF-8"?>
<testsuite xmlns:xsi="http://www.w3.org/2001/XMLSchema-instance" xsi:noNamespaceSchemaLocation="https://maven.apache.org/surefire/maven-surefire-plugin/xsd/surefire-test-report.xsd" name="TestSuite" time="38.978" tests="8" errors="0" skipped="0" failures="1">
  <properties>
[...]
</properties>
  <testcase name="elementaryHasNineGradeSection" classname="tvo.tvoLearn.HomePageTest" time="0.314"/>
  <testcase name="navBarHasElementarySection" classname="tvo.tvoLearn.HomePageTest" time="0.092"/>
  <testcase name="titleLogoDisplayed" classname="tvo.tvoLearn.HomePageTest" time="0.041"/>
  <testcase name="titleIncludesWordGrade" classname="tvo.tvoLearn.ElementaryGradeHomePageTest" time="0.76"/>
  <testcase name="doSubscribeWithCorrectEmailFormat" classname="tvo.tvoLearn.SubjectPageTest" time="2.356"/>
  <testcase name="doSubscribeWithInvalidEmailFormat" classname="tvo.tvoLearn.SubjectPageTest" time="1.702"/>
  <testcase name="resourcesForLearningLinksAreWorking" classname="tvo.tvoLearn.SubjectPageTest" time="3.108">
    <failure message="expected [true] but found [false]" type="java.lang.AssertionError">java.lang.AssertionError: expected [true] but found [false]
	at tvo.tvoLearn.SubjectPageTest.resourcesForLearningLinksAreWorking(SubjectPageTest.java:74)
</failure>
    <system-out><![CDATA[[[[[ChromeDriver: chrome on mac (9dc0e3ebc92c8150063794e79d0d62a0)] -> xpath: //*[@class='resource_list']]] -> tag name: a]
https://www.tvokids.com/school-age/videos/coding/secret-code
https://www.tvokids.com/school-age/videos/coding/secret-code :: is a valid link
[[[[ChromeDriver: chrome on mac (9dc0e3ebc92c8150063794e79d0d62a0)] -> xpath: //*[@class='resource_list']]] -> tag name: a]
https://mpower.tvo.org/#/login/?play=SportAndSortGameV2
https://mpower.tvo.org/#/login/?play=SportAndSortGameV2 :: is a valid link
[[[[ChromeDriver: chrome on mac (9dc0e3ebc92c8150063794e79d0d62a0)] -> xpath: //*[@class='resource_list']]] -> tag name: a]
https://www.tvokids.com/school-age/cents-sense/videos/canadian-money
https://www.tvokids.com/school-age/cents-sense/videos/canadian-money :: is a broken link
]]></system-out>
    <system-err><![CDATA[[TestNG-tests-1] INFO io.github.bonigarcia.wdm.WebDriverManager - Using chromedriver 114.0.5735.90 (resolved driver for Chrome 114)
[TestNG-tests-1] INFO io.github.bonigarcia.wdm.WebDriverManager - Exporting webdriver.chrome.driver as /Users/mourin/.cache/selenium/chromedriver/mac64/114.0.5735.90/chromedriver
Starting ChromeDriver 114.0.5735.90 (386bc09e8f4f2e025eddae123f36f6263096ae49-refs/branch-heads/5735@{#1052}) on port 45857
Only local connections are allowed.
Please see https://chromedriver.chromium.org/security-considerations for suggestions on keeping ChromeDriver safe.
ChromeDriver was started successfully.
Jun. 06, 2023 2:42:41 A.M. org.openqa.selenium.devtools.CdpVersionFinder findNearestMatch
WARNING: Unable to find an exact match for CDP version 114, so returning the closest version found: 113
]]></system-err>
  </testcase>
  <testcase name="subjectTitleIsMathematics" classname="tvo.tvoLearn.SubjectPageTest" time="1.455"/>
</testsuite>