-------------------------------------------------------------------------------
Test set: TestSuite
-------------------------------------------------------------------------------
Tests run: 8, Failures: 1, Errors: 0, Skipped: 0, Time elapsed: 38.978 s <<< FAILURE! - in TestSuite
resourcesForLearningLinksAreWorking(tvo.tvoLearn.SubjectPageTest)  Time elapsed: 3.108 s  <<< FAILURE!
java.lang.AssertionError: expected [true] but found [false]
	at tvo.tvoLearn.SubjectPageTest.resourcesForLearningLinksAreWorking(SubjectPageTest.java:74)

