<?xml version="1.0" encoding="UTF-8"?>
<!-- Generated by org.testng.reporters.JUnitXMLReporter -->
<testsuite ignored="0" hostname="Mirzas-MacBook-Pro.local" failures="1" tests="3" name="SubjectTestModule" time="4.88" errors="0" timestamp="2023-06-05T01:33:19 EDT">
  <testcase classname="tvo.tvoLearn.SubjectPageTest" name="doSubscribe" time="0.271">
    <failure type="java.lang.AssertionError" message="expected:&amp;lt;&amp;gt; but was:&amp;lt;*Almost finished... We need to confirm your email address. To complete the subscription process, please click the link in the email we just sent you.&amp;gt;">
      <![CDATA[java.lang.AssertionError: expected:<> but was:<*Almost finished... We need to confirm your email address. To complete the subscription process, please click the link in the email we just sent you.>
at tvo.tvoLearn.SubjectPageTest.doSubscribe(SubjectPageTest.java:40)
at java.base/java.util.ArrayList.forEach(ArrayList.java:1511)
... Removed 27 stack frames]]>
    </failure>
  </testcase> <!-- doSubscribe -->
  <testcase classname="tvo.tvoLearn.SubjectPageTest" name="gradeTitle" time="0.026"/>
  <testcase classname="tvo.tvoLearn.SubjectPageTest" name="resourceUsageTitle" time="0.023"/>
</testsuite> <!-- SubjectTestModule -->
