<?xml version="1.0" encoding="UTF-8"?>
<testng-results ignored="0" total="4" passed="3" failed="1" skipped="0">
  <reporter-output>
  </reporter-output>
  <suite started-at="2023-06-06T02:35:52 EDT" name="Default suite" finished-at="2023-06-06T02:36:14 EDT" duration-ms="21414">
    <groups>
    </groups>
    <test started-at="2023-06-06T02:35:52 EDT" name="Default test" finished-at="2023-06-06T02:36:14 EDT" duration-ms="21414">
      <class name="tvo.tvoLearn.SubjectPageTest">
        <test-method is-config="true" signature="initializeDriver()[pri:0, instance:tvo.tvoLearn.SubjectPageTest@59505b48]" started-at="2023-06-06T02:35:52 EDT" name="initializeDriver" finished-at="2023-06-06T02:35:56 EDT" duration-ms="3698" status="PASS">
          <reporter-output>
          </reporter-output>
        </test-method> <!-- initializeDriver -->
        <test-method signature="doSubscribeWithCorrectEmailFormat()[pri:0, instance:tvo.tvoLearn.SubjectPageTest@59505b48]" started-at="2023-06-06T02:35:56 EDT" name="doSubscribeWithCorrectEmailFormat" finished-at="2023-06-06T02:35:58 EDT" duration-ms="2531" status="PASS">
          <reporter-output>
          </reporter-output>
        </test-method> <!-- doSubscribeWithCorrectEmailFormat -->
        <test-method is-config="true" signature="teardown()[pri:0, instance:tvo.tvoLearn.SubjectPageTest@59505b48]" started-at="2023-06-06T02:35:58 EDT" name="teardown" finished-at="2023-06-06T02:35:59 EDT" duration-ms="162" status="PASS">
          <reporter-output>
          </reporter-output>
        </test-method> <!-- teardown -->
        <test-method is-config="true" signature="initializeDriver()[pri:0, instance:tvo.tvoLearn.SubjectPageTest@59505b48]" started-at="2023-06-06T02:35:59 EDT" name="initializeDriver" finished-at="2023-06-06T02:36:02 EDT" duration-ms="3044" status="PASS">
          <reporter-output>
          </reporter-output>
        </test-method> <!-- initializeDriver -->
        <test-method signature="doSubscribeWithInvalidEmailFormat()[pri:0, instance:tvo.tvoLearn.SubjectPageTest@59505b48]" started-at="2023-06-06T02:36:02 EDT" name="doSubscribeWithInvalidEmailFormat" finished-at="2023-06-06T02:36:03 EDT" duration-ms="1478" status="PASS">
          <reporter-output>
          </reporter-output>
        </test-method> <!-- doSubscribeWithInvalidEmailFormat -->
        <test-method is-config="true" signature="teardown()[pri:0, instance:tvo.tvoLearn.SubjectPageTest@59505b48]" started-at="2023-06-06T02:36:03 EDT" name="teardown" finished-at="2023-06-06T02:36:03 EDT" duration-ms="178" status="PASS">
          <reporter-output>
          </reporter-output>
        </test-method> <!-- teardown -->
        <test-method is-config="true" signature="initializeDriver()[pri:0, instance:tvo.tvoLearn.SubjectPageTest@59505b48]" started-at="2023-06-06T02:36:03 EDT" name="initializeDriver" finished-at="2023-06-06T02:36:06 EDT" duration-ms="2996" status="PASS">
          <reporter-output>
          </reporter-output>
        </test-method> <!-- initializeDriver -->
        <test-method signature="resourcesForLearningLinksAreWorking()[pri:0, instance:tvo.tvoLearn.SubjectPageTest@59505b48]" started-at="2023-06-06T02:36:06 EDT" name="resourcesForLearningLinksAreWorking" finished-at="2023-06-06T02:36:09 EDT" duration-ms="2628" status="FAIL">
          <exception class="java.lang.AssertionError">
            <message>
              <![CDATA[expected [true] but found [false]]]>
            </message>
            <full-stacktrace>
              <![CDATA[java.lang.AssertionError: expected [true] but found [false]
at org.testng.Assert.fail(Assert.java:99)
at org.testng.Assert.failNotEquals(Assert.java:1037)
at org.testng.Assert.assertTrue(Assert.java:45)
at org.testng.Assert.assertTrue(Assert.java:55)
at tvo.tvoLearn.SubjectPageTest.resourcesForLearningLinksAreWorking(SubjectPageTest.java:74)
at java.base/jdk.internal.reflect.DirectMethodHandleAccessor.invoke(DirectMethodHandleAccessor.java:104)
at java.base/java.lang.reflect.Method.invoke(Method.java:577)
at org.testng.internal.MethodInvocationHelper.invokeMethod(MethodInvocationHelper.java:133)
at org.testng.internal.TestInvoker.invokeMethod(TestInvoker.java:598)
at org.testng.internal.TestInvoker.invokeTestMethod(TestInvoker.java:173)
at org.testng.internal.MethodRunner.runInSequence(MethodRunner.java:46)
at org.testng.internal.TestInvoker$MethodInvocationAgent.invoke(TestInvoker.java:824)
at org.testng.internal.TestInvoker.invokeTestMethods(TestInvoker.java:146)
at org.testng.internal.TestMethodWorker.invokeTestMethods(TestMethodWorker.java:146)
at org.testng.internal.TestMethodWorker.run(TestMethodWorker.java:128)
at java.base/java.util.ArrayList.forEach(ArrayList.java:1511)
at org.testng.TestRunner.privateRun(TestRunner.java:794)
at org.testng.TestRunner.run(TestRunner.java:596)
at org.testng.SuiteRunner.runTest(SuiteRunner.java:377)
at org.testng.SuiteRunner.runSequentially(SuiteRunner.java:371)
at org.testng.SuiteRunner.privateRun(SuiteRunner.java:332)
at org.testng.SuiteRunner.run(SuiteRunner.java:276)
at org.testng.SuiteRunnerWorker.runSuite(SuiteRunnerWorker.java:53)
at org.testng.SuiteRunnerWorker.run(SuiteRunnerWorker.java:96)
at org.testng.TestNG.runSuitesSequentially(TestNG.java:1212)
at org.testng.TestNG.runSuitesLocally(TestNG.java:1134)
at org.testng.TestNG.runSuites(TestNG.java:1063)
at org.testng.TestNG.run(TestNG.java:1031)
at org.testng.remote.AbstractRemoteTestNG.run(AbstractRemoteTestNG.java:115)
at org.testng.remote.RemoteTestNG.initAndRun(RemoteTestNG.java:251)
at org.testng.remote.RemoteTestNG.main(RemoteTestNG.java:77)
]]>
            </full-stacktrace>
          </exception> <!-- java.lang.AssertionError -->
          <reporter-output>
          </reporter-output>
        </test-method> <!-- resourcesForLearningLinksAreWorking -->
        <test-method is-config="true" signature="teardown()[pri:0, instance:tvo.tvoLearn.SubjectPageTest@59505b48]" started-at="2023-06-06T02:36:09 EDT" name="teardown" finished-at="2023-06-06T02:36:09 EDT" duration-ms="157" status="PASS">
          <reporter-output>
          </reporter-output>
        </test-method> <!-- teardown -->
        <test-method is-config="true" signature="initializeDriver()[pri:0, instance:tvo.tvoLearn.SubjectPageTest@59505b48]" started-at="2023-06-06T02:36:09 EDT" name="initializeDriver" finished-at="2023-06-06T02:36:12 EDT" duration-ms="2860" status="PASS">
          <reporter-output>
          </reporter-output>
        </test-method> <!-- initializeDriver -->
        <test-method signature="subjectTitleIsMathematics()[pri:0, instance:tvo.tvoLearn.SubjectPageTest@59505b48]" started-at="2023-06-06T02:36:12 EDT" name="subjectTitleIsMathematics" finished-at="2023-06-06T02:36:13 EDT" duration-ms="1405" status="PASS">
          <reporter-output>
          </reporter-output>
        </test-method> <!-- subjectTitleIsMathematics -->
        <test-method is-config="true" signature="teardown()[pri:0, instance:tvo.tvoLearn.SubjectPageTest@59505b48]" started-at="2023-06-06T02:36:13 EDT" name="teardown" finished-at="2023-06-06T02:36:14 EDT" duration-ms="160" status="PASS">
          <reporter-output>
          </reporter-output>
        </test-method> <!-- teardown -->
      </class> <!-- tvo.tvoLearn.SubjectPageTest -->
    </test> <!-- Default test -->
  </suite> <!-- Default suite -->
</testng-results>
