<?xml version="1.0" encoding="UTF-8"?>
<!-- Generated by org.testng.reporters.JUnitXMLReporter -->
<testsuite ignored="0" hostname="Mirzas-MacBook-Pro.local" failures="1" tests="8" name="SubjectTestModuleOnChrome" time="38.412" errors="0" timestamp="2023-06-06T02:42:52 EDT">
  <testcase classname="tvo.tvoLearn.HomePageTest" name="elementaryHasNineGradeSection" time="0.306"/>
  <testcase classname="tvo.tvoLearn.HomePageTest" name="navBarHasElementarySection" time="0.09"/>
  <testcase classname="tvo.tvoLearn.HomePageTest" name="titleLogoDisplayed" time="0.041"/>
  <testcase classname="tvo.tvoLearn.ElementaryGradeHomePageTest" name="titleIncludesWordGrade" time="0.759"/>
  <testcase classname="tvo.tvoLearn.SubjectPageTest" name="doSubscribeWithCorrectEmailFormat" time="2.356"/>
  <testcase classname="tvo.tvoLearn.SubjectPageTest" name="doSubscribeWithInvalidEmailFormat" time="1.701"/>
  <testcase classname="tvo.tvoLearn.SubjectPageTest" name="resourcesForLearningLinksAreWorking" time="2.758">
    <failure type="java.lang.AssertionError" message="expected [true] but found [false]">
      <![CDATA[java.lang.AssertionError: expected [true] but found [false]
at tvo.tvoLearn.SubjectPageTest.resourcesForLearningLinksAreWorking(SubjectPageTest.java:74)
at java.base/java.util.ArrayList.forEach(ArrayList.java:1511)
at java.base/java.util.concurrent.FutureTask.run(FutureTask.java:264)
at java.base/java.util.concurrent.ThreadPoolExecutor.runWorker(ThreadPoolExecutor.java:1136)
at java.base/java.util.concurrent.ThreadPoolExecutor$Worker.run(ThreadPoolExecutor.java:635)
at java.base/java.lang.Thread.run(Thread.java:833)
... Removed 19 stack frames]]>
    </failure>
  </testcase> <!-- resourcesForLearningLinksAreWorking -->
  <testcase classname="tvo.tvoLearn.SubjectPageTest" name="subjectTitleIsMathematics" time="1.455"/>
</testsuite> <!-- SubjectTestModuleOnChrome -->
